<?xml version="1.0" encoding="UTF-8"?>
<!-- Generated by org.testng.reporters.JUnitXMLReporter -->
<testsuite hostname="DESKTOP-57P1JI0" name="Test" tests="1" failures="1" timestamp="29 Aug 2020 12:19:48 GMT" time="76.527" errors="0">
  <testcase name="@AfterClass writeExtentReport" time="0.0" classname="Report_Package.Report_Runner">
    <failure type="java.lang.NoSuchMethodError" message="com.aventstack.extentreports.reporter.ExtentHtmlReporter.loadXMLConfig(Ljava/io/File;)V">
      <![CDATA[java.lang.NoSuchMethodError: com.aventstack.extentreports.reporter.ExtentHtmlReporter.loadXMLConfig(Ljava/io/File;)V
	at com.cucumber.listener.Reporter.loadXMLConfig(Reporter.java:56)
	at Report_Package.Report_Runner.writeExtentReport(Report_Runner.java:36)
... Removed 24 stack frames]]>
    </failure>
  </testcase> <!-- @AfterClass writeExtentReport -->
  <testcase name="feature" time="75.528" classname="Report_Package.Report_Runner">
    <failure type="cucumber.runtime.CucumberException" message="java.lang.AssertionError: expected [Gogle] but found [Google]">
      <![CDATA[cucumber.runtime.CucumberException: java.lang.AssertionError: expected [Gogle] but found [Google]
	at cucumber.api.testng.TestNGCucumberRunner.runCucumber(TestNGCucumberRunner.java:69)
	at cucumber.api.testng.AbstractTestNGCucumberTests.feature(AbstractTestNGCucumberTests.java:21)
Caused by: java.lang.AssertionError: expected [Gogle] but found [Google]
	at Report_Package.Report_Stepdefination.user_validates_the_page_title(Report_Stepdefination.java:50)
	at âœ½.Then user validates the page title(src/test/java/Report_Package/report.feature:8)
... Removed 29 stack frames]]>
    </failure>
  </testcase> <!-- feature -->
</testsuite> <!-- Test -->
